Log file open, 04/17/18 06:38:07
LogWindows: Failed to load 'aqProf.dll' (GetLastError=126)
LogWindows: File 'aqProf.dll' does not exist
LogWindows: Failed to load 'VSPerf140.dll' (GetLastError=126)
LogWindows: File 'VSPerf140.dll' does not exist
LogWindows: Failed to load 'VtuneApi.dll' (GetLastError=126)
LogWindows: File 'VtuneApi.dll' does not exist
LogWindows: Failed to load 'VtuneApi32e.dll' (GetLastError=126)
LogWindows: File 'VtuneApi32e.dll' does not exist
LogInit: Display: Running engine for game: MyProject2
LogPlatformFile: Not using cached read wrapper
LogInit: Display: RandInit(-2000519929) SRandInit(-2000519929).
LogTaskGraph: Started task graph with 5 named threads and 14 total threads with 3 sets of task threads.
LogStats: Stats thread started at 0.178599
LogD3D11RHI: Aftermath initialized
LogPluginManager: Mounting plugin Paper2D
LogPluginManager: Mounting plugin LightPropagationVolume
LogPluginManager: Mounting plugin CodeLiteSourceCodeAccess
LogPluginManager: Mounting plugin GitSourceControl
LogPluginManager: Mounting plugin KDevelopSourceCodeAccess
LogPluginManager: Mounting plugin NullSourceCodeAccess
LogPluginManager: Mounting plugin PerforceSourceControl
LogPluginManager: Mounting plugin SubversionSourceControl
LogPluginManager: Mounting plugin UObjectPlugin
LogPluginManager: Mounting plugin VisualStudioSourceCodeAccess
LogPluginManager: Mounting plugin XCodeSourceCodeAccess
LogPluginManager: Mounting plugin AssetManagerEditor
LogPluginManager: Mounting plugin AudioCapture
LogPluginManager: Mounting plugin FacialAnimation
LogPluginManager: Mounting plugin GameplayTagsEditor
LogPluginManager: Mounting plugin MobileLauncherProfileWizard
LogPluginManager: Mounting plugin PluginBrowser
LogPluginManager: Mounting plugin SpeedTreeImporter
LogPluginManager: Mounting plugin AlembicImporter
LogPluginManager: Mounting plugin CharacterAI
LogPluginManager: Mounting plugin HTML5Networking
LogPluginManager: Mounting plugin AndroidMedia
LogPluginManager: Mounting plugin AvfMedia
LogPluginManager: Mounting plugin MediaPlayerEditor
LogPluginManager: Mounting plugin WmfMedia
LogPluginManager: Mounting plugin TcpMessaging
LogPluginManager: Mounting plugin UdpMessaging
LogPluginManager: Mounting plugin LevelSequenceEditor
LogPluginManager: Mounting plugin MatineeToLevelSequence
LogPluginManager: Mounting plugin OnlineSubsystemGooglePlay
LogPluginManager: Mounting plugin OnlineSubsystemIOS
LogPluginManager: Mounting plugin OnlineSubsystem
LogPluginManager: Mounting plugin OnlineSubsystemNull
LogPluginManager: Mounting plugin OnlineSubsystemUtils
LogPluginManager: Mounting plugin AndroidDeviceProfileSelector
LogPluginManager: Mounting plugin AndroidMoviePlayer
LogPluginManager: Mounting plugin AndroidPermission
LogPluginManager: Mounting plugin AppleMoviePlayer
LogPluginManager: Mounting plugin ArchVisCharacter
LogPluginManager: Mounting plugin CableComponent
LogPluginManager: Mounting plugin CustomMeshComponent
LogPluginManager: Mounting plugin ExampleDeviceProfileSelector
LogPluginManager: Mounting plugin GoogleCloudMessaging
LogPluginManager: Mounting plugin ImmediatePhysics
LogPluginManager: Mounting plugin IOSDeviceProfileSelector
LogPluginManager: Mounting plugin LinuxDeviceProfileSelector
LogPluginManager: Mounting plugin LocationServicesBPLibrary
LogPluginManager: Mounting plugin MobilePatchingUtils
LogPluginManager: Mounting plugin OculusVR
LogPluginManager: Mounting plugin PhysXVehicles
LogPluginManager: Mounting plugin ProceduralMeshComponent
LogPluginManager: Mounting plugin RuntimePhysXCooking
LogPluginManager: Mounting plugin SteamVR
LogPluginManager: Mounting plugin WindowsMoviePlayer
LogInit: Using libcurl 7.47.1
LogInit:  - built for x86_64-pc-win32
LogInit:  - supports SSL with OpenSSL/1.0.2g
LogInit:  - supports HTTP deflate (compression) using libz 1.2.8
LogInit:  - other features:
LogInit:      CURL_VERSION_SSL
LogInit:      CURL_VERSION_LIBZ
LogInit:      CURL_VERSION_IPV6
LogInit:      CURL_VERSION_ASYNCHDNS
LogInit:      CURL_VERSION_LARGEFILE
LogInit:      CURL_VERSION_IDN
LogInit:  CurlRequestOptions (configurable via config and command line):
LogInit:  - bVerifyPeer = false  - Libcurl will NOT verify peer certificate
LogInit:  - bUseHttpProxy = false  - Libcurl will NOT use HTTP proxy
LogInit:  - bDontReuseConnections = false  - Libcurl will reuse connections
LogInit:  - CertBundlePath = nullptr  - Libcurl will use whatever was configured at build time.
LogInit: Build: ++UE4+Release-4.17-CL-3658906
LogInit: Engine Version: 4.17.2-3658906+++UE4+Release-4.17
LogInit: Compatible Engine Version: 4.17.0-3573198+++UE4+Release-4.17
LogInit: Net CL: 3573198
LogDevObjectVersion: Number of dev versions registered: 16
LogDevObjectVersion:   Dev-Blueprints (B0D832E4-1F89-4F0D-ACCF-7EB736FD4AA2): 10
LogDevObjectVersion:   Dev-Build (E1C64328-A22C-4D53-A36C-8E866417BD8C): 0
LogDevObjectVersion:   Dev-Core (375EC13C-06E4-48FB-B500-84F0262A717E): 2
LogDevObjectVersion:   Dev-Editor (E4B068ED-F494-42E9-A231-DA0B2E46BB41): 20
LogDevObjectVersion:   Dev-Framework (CFFC743F-43B0-4480-9391-14DF171D2073): 28
LogDevObjectVersion:   Dev-Mobile (B02B49B5-BB20-44E9-A304-32B752E40360): 0
LogDevObjectVersion:   Dev-Networking (A4E4105C-59A1-49B5-A7C5-40C4547EDFEE): 0
LogDevObjectVersion:   Dev-Online (39C831C9-5AE6-47DC-9A44-9C173E1C8E7C): 0
LogDevObjectVersion:   Dev-Physics (78F01B33-EBEA-4F98-B9B4-84EACCB95AA2): 0
LogDevObjectVersion:   Dev-Platform (6631380F-2D4D-43E0-8009-CF276956A95A): 0
LogDevObjectVersion:   Dev-Rendering (12F88B9F-8875-4AFC-A67C-D90C383ABD29): 19
LogDevObjectVersion:   Dev-Sequencer (7B5AE74C-D270-4C10-A958-57980B212A5A): 4
LogDevObjectVersion:   Dev-VR (D7296918-1DD6-4BDD-9DE2-64A83CC13884): 0
LogDevObjectVersion:   Dev-LoadTimes (C2A15278-BFE7-4AFE-6C17-90FF531DF755): 1
LogDevObjectVersion:   Private-Geometry (6EACA3D4-40EC-4CC1-B786-8BED09428FC5): 1
LogDevObjectVersion:   Dev-AnimPhys (29E575DD-E0A3-4627-9D10-D276232CDCEA): 7
LogInit: Compiled (64-bit): Sep 22 2017 13:47:16
LogInit: Compiled with Visual C++: 19.00.24215.01
LogInit: Build Configuration: Development
LogInit: Branch Name: ++UE4+Release-4.17
LogInit: Command line: -EpicPortal 
LogInit: Base directory: C:/Program Files/Epic Games/UE_4.17/Engine/Binaries/Win64/
LogInit: Installed Engine Build: 1
LogInit: Presizing for max 8388607 objects, including 0 objects not considered by GC, pre-allocating 0 bytes for permanent pool.
LogInit: Object subsystem initialized
[2018.04.17-05.38.07:649][  0]LogInit: Selected Device Profile: [Windows]
[2018.04.17-05.38.07:649][  0]LogInit: Applying CVar settings loaded from the selected device profile: [Windows]
[2018.04.17-05.38.07:664][  0]LogInit: Computer: DESKTOP-MCF393H
[2018.04.17-05.38.07:664][  0]LogInit: User: vmirc
[2018.04.17-05.38.07:664][  0]LogInit: CPU Page size=4096, Cores=4
[2018.04.17-05.38.07:665][  0]LogInit: High frequency timer resolution =3.423913 MHz
[2018.04.17-05.38.07:665][  0]LogMemory: Memory total: Physical=15.9GB (16GB approx)
[2018.04.17-05.38.07:665][  0]LogMemory: Platform Memory Stats for Windows
[2018.04.17-05.38.07:665][  0]LogMemory: Process Physical Memory: 279.88 MB used, 279.88 MB peak
[2018.04.17-05.38.07:665][  0]LogMemory: Process Virtual Memory: 274.16 MB used, 274.16 MB peak
[2018.04.17-05.38.07:665][  0]LogMemory: Physical Memory: 7719.94 MB used,  8535.95 MB free, 16255.89 MB total
[2018.04.17-05.38.07:665][  0]LogMemory: Virtual Memory: 707.45 MB used,  8535.95 MB free, 134217728.00 MB total
[2018.04.17-05.38.07:825][  0]LogInit: Using OS detected language (en-US).
[2018.04.17-05.38.07:825][  0]LogInit: Using OS detected locale (en-GB).
[2018.04.17-05.38.07:829][  0]LogTextLocalizationManager: No specific localization for 'en-US' exists, so the 'en' localization will be used.
[2018.04.17-05.38.08:551][  0]LogD3D11RHI: D3D11 adapters:
[2018.04.17-05.38.08:605][  0]LogD3D11RHI:    0. 'NVIDIA GeForce GTX 760' (Feature Level 11_0)
[2018.04.17-05.38.08:605][  0]LogD3D11RHI:       2007/0/8127 MB DedicatedVideo/DedicatedSystem/SharedSystem, Outputs:1, VendorId:0x10de
[2018.04.17-05.38.08:610][  0]LogD3D11RHI:    1. 'Intel(R) HD Graphics 4600' (Feature Level 11_0)
[2018.04.17-05.38.08:610][  0]LogD3D11RHI:       112/0/2048 MB DedicatedVideo/DedicatedSystem/SharedSystem, Outputs:1, VendorId:0x8086
[2018.04.17-05.38.08:612][  0]LogD3D11RHI:    2. 'Microsoft Basic Render Driver' (Feature Level 11_0)
[2018.04.17-05.38.08:612][  0]LogD3D11RHI:       0/0/8127 MB DedicatedVideo/DedicatedSystem/SharedSystem, Outputs:0, VendorId:0x1414
[2018.04.17-05.38.08:612][  0]LogD3D11RHI: Chosen D3D11 Adapter: 0
[2018.04.17-05.38.08:618][  0]LogD3D11RHI: Creating new Direct3DDevice
[2018.04.17-05.38.08:618][  0]LogD3D11RHI:     GPU DeviceId: 0x1187 (for the marketing name, search the web for "GPU Device Id")
[2018.04.17-05.38.08:618][  0]LogWindows: EnumDisplayDevices:
[2018.04.17-05.38.08:618][  0]LogWindows:    0. 'NVIDIA GeForce GTX 760' (P:1 D:1)
[2018.04.17-05.38.08:618][  0]LogWindows:    1. 'NVIDIA GeForce GTX 760' (P:0 D:0)
[2018.04.17-05.38.08:618][  0]LogWindows:    2. 'NVIDIA GeForce GTX 760' (P:0 D:0)
[2018.04.17-05.38.08:618][  0]LogWindows:    3. 'NVIDIA GeForce GTX 760' (P:0 D:0)
[2018.04.17-05.38.08:618][  0]LogWindows:    4. 'Intel(R) HD Graphics 4600' (P:0 D:1)
[2018.04.17-05.38.08:618][  0]LogWindows:    5. 'Intel(R) HD Graphics 4600' (P:0 D:0)
[2018.04.17-05.38.08:619][  0]LogWindows:    6. 'Intel(R) HD Graphics 4600' (P:0 D:0)
[2018.04.17-05.38.08:619][  0]LogWindows: DebugString: GetVideoDriverDetailsInvalid PrimaryIsNotTheChoosenAdapter GetVideoDriverDetailsInvalid PrimaryIsNotTheChoosenAdapter GetVideoDriverDetailsInvalid PrimaryIsNotTheChoosenAdapter GetVideoDriverDetailsInvalid PrimaryIsNotTheChoosenAdapter GetVideoDriverDetailsInvalid PrimaryIsNotTheChoosenAdapter GetVideoDriverDetailsInvalid PrimaryIsNotTheChoosenAdapter GetVideoDriverDetailsInvalid PrimaryIsNotTheChoosenAdapter FoundDriverCount:0 
[2018.04.17-05.38.08:619][  0]LogD3D11RHI:     Adapter Name: NVIDIA GeForce GTX 760
[2018.04.17-05.38.08:619][  0]LogD3D11RHI:   Driver Version: Unknown (internal:Unknown, unified:Unknown)
[2018.04.17-05.38.08:619][  0]LogD3D11RHI:      Driver Date: Unknown
[2018.04.17-05.38.08:619][  0]LogRHI: Texture pool is 1361 MB (70% of 1945 MB)
[2018.04.17-05.38.08:651][  0]LogD3D11RHI: Async texture creation enabled
[2018.04.17-05.38.08:669][  0]LogD3D11RHI: GPU Timing Frequency: 1000.000000 (Debug: 2 2)
[2018.04.17-05.38.08:718][  0]LogShaderCompilers: Guid format shader working directory is -38 characters bigger than the processId version (../../../../../../Users/vmirc/Documents/GitHub/mgp-mgp-group-19/Prototypes/Group 19/Intermediate/Shaders/WorkingDirectory/14488/).
[2018.04.17-05.38.08:718][  0]LogShaderCompilers: Cleaned the shader compiler working directory 'C:/Users/vmirc/AppData/Local/Temp/UnrealShaderWorkingDir/78EF27E94D8FFB438D62BCAAFA3021DB/'.
[2018.04.17-05.38.08:718][  0]LogShaderCompilers: Display: Using Local Shader Compiler.
[2018.04.17-05.38.09:660][  0]LogTemp: Display: Loaded TP AllDesktopTargetPlatform
[2018.04.17-05.38.09:707][  0]LogTemp: Display: Loaded TP MacClientTargetPlatform
[2018.04.17-05.38.09:756][  0]LogTemp: Display: Loaded TP MacNoEditorTargetPlatform
[2018.04.17-05.38.09:809][  0]LogTemp: Display: Loaded TP MacServerTargetPlatform
[2018.04.17-05.38.09:857][  0]LogTemp: Display: Loaded TP MacTargetPlatform
[2018.04.17-05.38.09:907][  0]LogTemp: Display: Loaded TP WindowsClientTargetPlatform
[2018.04.17-05.38.09:956][  0]LogTemp: Display: Loaded TP WindowsNoEditorTargetPlatform
[2018.04.17-05.38.10:007][  0]LogTemp: Display: Loaded TP WindowsServerTargetPlatform
[2018.04.17-05.38.10:050][  0]LogTemp: Display: Loaded TP WindowsTargetPlatform
[2018.04.17-05.38.10:094][  0]LogTemp: Display: Loaded TP AndroidTargetPlatform
[2018.04.17-05.38.10:143][  0]LogTemp: Display: Loaded TP Android_ASTCTargetPlatform
[2018.04.17-05.38.10:187][  0]LogTemp: Display: Loaded TP Android_ATCTargetPlatform
[2018.04.17-05.38.10:238][  0]LogTemp: Display: Loaded TP Android_DXTTargetPlatform
[2018.04.17-05.38.10:294][  0]LogTemp: Display: Loaded TP Android_ETC1TargetPlatform
[2018.04.17-05.38.10:346][  0]LogTemp: Display: Loaded TP Android_ETC2TargetPlatform
[2018.04.17-05.38.10:445][  0]LogTemp: Display: Loaded TP Android_MultiTargetPlatform
[2018.04.17-05.38.10:445][  0]LogTemp: Display: Loaded TP Android_PVRTCTargetPlatform
[2018.04.17-05.38.10:481][  0]LogTemp: Display: Loaded TP HTML5TargetPlatform
[2018.04.17-05.38.10:568][  0]LogTemp: Display: Loaded TP IOSTargetPlatform
[2018.04.17-05.38.10:595][  0]LogTemp: Display: Loaded TP TVOSTargetPlatform
[2018.04.17-05.38.10:650][  0]LogTemp: Display: Loaded TP LinuxClientTargetPlatform
[2018.04.17-05.38.10:699][  0]LogTemp: Display: Loaded TP LinuxNoEditorTargetPlatform
[2018.04.17-05.38.10:755][  0]LogTemp: Display: Loaded TP LinuxServerTargetPlatform
[2018.04.17-05.38.10:807][  0]LogTemp: Display: Loaded TP LinuxTargetPlatform
[2018.04.17-05.38.10:807][  0]LogTargetPlatformManager: Display: Building Assets For Windows
[2018.04.17-05.38.11:274][  0]LogDerivedDataCache: Display: Max Cache Size: 512 MB
[2018.04.17-05.38.11:377][  0]LogDerivedDataCache: Loaded boot cache 0.10s 93MB C:/Users/vmirc/AppData/Local/UnrealEngine/4.17/DerivedDataCache/Boot.ddc.
[2018.04.17-05.38.11:377][  0]LogDerivedDataCache: Display: Loaded Boot cache: C:/Users/vmirc/AppData/Local/UnrealEngine/4.17/DerivedDataCache/Boot.ddc
[2018.04.17-05.38.11:377][  0]LogDerivedDataCache: FDerivedDataBackendGraph:  Pak pak cache file ../../../../../../Users/vmirc/Documents/GitHub/mgp-mgp-group-19/Prototypes/Group 19/DerivedDataCache/DDC.ddp not found, will not use a pak cache.
[2018.04.17-05.38.11:377][  0]LogDerivedDataCache: Unable to find inner node Pak for hierarchical cache Hierarchy.
[2018.04.17-05.38.11:377][  0]LogDerivedDataCache: FDerivedDataBackendGraph:  CompressedPak pak cache file ../../../../../../Users/vmirc/Documents/GitHub/mgp-mgp-group-19/Prototypes/Group 19/DerivedDataCache/Compressed.ddp not found, will not use a pak cache.
[2018.04.17-05.38.11:377][  0]LogDerivedDataCache: Unable to find inner node CompressedPak for hierarchical cache Hierarchy.
[2018.04.17-05.38.11:390][  0]LogDerivedDataCache: Display: Pak cache opened for reading ../../../Engine/DerivedDataCache/Compressed.ddp.
[2018.04.17-05.38.11:402][  0]LogDerivedDataCache: Using Local data cache path C:/Users/vmirc/AppData/Local/UnrealEngine/Common/DerivedDataCache: Writable
[2018.04.17-05.38.11:410][  0]LogMaterial: Verifying Global Shaders for PCD3D_SM5
[2018.04.17-05.38.11:411][  0]LogSlate: Using Freetype 2.6.0
[2018.04.17-05.38.11:411][  0]LogSlate: SlateFontCache - WITH_FREETYPE: 1, WITH_HARFBUZZ: 1
[2018.04.17-05.38.11:411][  0]LogSlate: SlateFontCache - WITH_FREETYPE: 1, WITH_HARFBUZZ: 1
[2018.04.17-05.38.11:672][  0]LogAssetRegistry: FAssetRegistry took 0.0252 seconds to start up
[2018.04.17-05.38.11:778][  0]LogInit: Selected Device Profile: [Windows]
[2018.04.17-05.38.11:922][  0]LogContentStreaming: Texture pool size is 0.00 MB
[2018.04.17-05.38.12:239][  0]LogSimplygon: Simplygon DLL not present - disabling.
[2018.04.17-05.38.12:275][  0]LogMeshReduction: Using SimplygonSwarm for distributed automatic mesh merging
[2018.04.17-05.38.12:275][  0]LogMeshReduction: Using QuadricMeshReduction for automatic static mesh reduction
[2018.04.17-05.38.12:275][  0]LogMeshReduction: No automatic skeletal mesh reduction module available
[2018.04.17-05.38.12:275][  0]LogMeshReduction: No automatic mesh merging module available
[2018.04.17-05.38.12:275][  0]LogMeshMerging: No automatic mesh merging module available
[2018.04.17-05.38.12:639][  0]LogNetVersion: MyProject2 , NetCL: 3573198, EngineNetVer: 2, GameNetVer: 0 (Checksum: 237949846)
[2018.04.17-05.38.12:847][  0]LogPackageLocalizationCache: Processed 5 localized package path(s) for 2 prioritized culture(s) in 0.051806 seconds
[2018.04.17-05.38.12:853][  0]LogUObjectArray: 35825 objects as part of root set at end of initial load.
[2018.04.17-05.38.12:853][  0]LogUObjectAllocator: 7529112 out of 0 bytes used by permanent object pool.
[2018.04.17-05.38.12:853][  0]LogUObjectArray: CloseDisregardForGC: 0/0 objects in disregard for GC pool
[2018.04.17-05.38.12:925][  0]LogInit: WinSock: version 1.1 (2.2), MaxSocks=32767, MaxUdp=65467
[2018.04.17-05.38.15:640][  0]LogTcpMessaging: Initializing TcpMessaging bridge
[2018.04.17-05.38.15:681][  0]LogUdpMessaging: Initializing bridge on interface 0.0.0.0:0 to multicast group 230.0.0.1:6666.
[2018.04.17-05.38.16:338][  0]LogMaterial: Uniform references updated for custom material expression Custom.
[2018.04.17-05.38.16:747][  0]SourceControl: Source control is disabled
[2018.04.17-05.38.16:747][  0]SourceControl: Source control is disabled
[2018.04.17-05.38.16:788][  0]SourceControl: Source control is disabled
[2018.04.17-05.38.16:836][  0]SourceControl: Source control is disabled
[2018.04.17-05.38.17:368][  0]LogAndroidPermission: UAndroidPermissionCallbackProxy::GetInstance
[2018.04.17-05.38.17:590][  0]LogOcInput: OculusInput pre-init called
[2018.04.17-05.38.17:835][  0]LogEngine: Initializing Engine...
[2018.04.17-05.38.17:836][  0]LogHMD: Failed to initialize OpenVR with code 110
[2018.04.17-05.38.18:051][  0]LogStats: UGameplayTagsManager::ConstructGameplayTagTree: Construct from data asset -  0.000 s
[2018.04.17-05.38.18:051][  0]LogStats: UGameplayTagsManager::ConstructGameplayTagTree: GameplayTagTreeChangedEvent.Broadcast -  0.000 s
[2018.04.17-05.38.18:168][  0]LogAIModule: Creating AISystem for world Untitled
[2018.04.17-05.38.18:176][  0]LogInit: XAudio2 using 'Digital Audio (S/PDIF) (2- High Definition Audio Device)' : 2 channels at 48 kHz using 16 bits per sample (channel mask 0x3)
[2018.04.17-05.38.18:185][  0]LogInit: FAudioDevice initialized.
[2018.04.17-05.38.18:577][  0]LogDerivedDataCache: Saved boot cache 0.39s 93MB C:/Users/vmirc/AppData/Local/UnrealEngine/4.17/DerivedDataCache/Boot.ddc.
[2018.04.17-05.38.18:601][  0]LogInit: Texture streaming: Enabled
[2018.04.17-05.38.18:742][  0]LogEngineSessionManager: EngineSessionManager initialized
[2018.04.17-05.38.19:001][  0]LogInit: Transaction tracking system initialized
[2018.04.17-05.38.19:324][  0]BlueprintLog: New page: Editor Load
[2018.04.17-05.38.20:146][  0]LocalizationService: Localization service is disabled
[2018.04.17-05.38.20:735][  0]LogConsoleResponse: Display: 
[2018.04.17-05.38.20:905][  0]LogFileCache: Scanning file cache for directory 'C:/Users/vmirc/Documents/GitHub/mgp-mgp-group-19/Prototypes/Group 19/Content/' took 0.02s
[2018.04.17-05.38.20:905][  0]LogCook: Display: Max memory allowance for cook 16384mb min free memory 0mb
[2018.04.17-05.38.20:905][  0]LogCook: Display: Mobile HDR setting 1
[2018.04.17-05.38.20:905][  0]LogGameplayTags: Display: UGameplayTagsManager::DoneAddingNativeTags. DelegateIsBound: 0
[2018.04.17-05.38.21:891][  0]SourceControl: Source control is disabled
[2018.04.17-05.38.21:891][  0]Cmd: MAP LOAD FILE="../../../../../../Users/vmirc/Documents/GitHub/mgp-mgp-group-19/Prototypes/Group 19/Content/Untitled.umap" TEMPLATE=0 SHOWPROGRESS=1 FEATURELEVEL=3
[2018.04.17-05.38.21:899][  0]LightingResults: New page: Lighting Build
[2018.04.17-05.38.21:936][  0]MapCheck: New page: Map Check
[2018.04.17-05.38.21:937][  0]LightingResults: New page: Lighting Build
[2018.04.17-05.38.22:261][  0]LogAIModule: Creating AISystem for world Untitled
[2018.04.17-05.38.22:272][  0]LogEditorServer: Finished looking for orphan Actors (0.000 secs)
[2018.04.17-05.38.22:290][  0]Cmd: MAP CHECKDEP NOCLEARLOG
[2018.04.17-05.38.22:331][  0]MapCheck: Map check complete: 0 Error(s), 0 Warning(s), took 40.788ms to complete.
[2018.04.17-05.38.22:331][  0]LogFileHelpers: Loading map 'Untitled' took 0.440
[2018.04.17-05.38.22:392][  0]LogWindowsTextInputMethodSystem: Display: IME system now deactivated.
[2018.04.17-05.38.22:609][  0]LogCollectionManager: Loaded 0 collections in 0.001535 seconds
[2018.04.17-05.38.22:703][  0]LogFileCache: Scanning file cache for directory 'C:/Users/vmirc/Documents/GitHub/mgp-mgp-group-19/Prototypes/Group 19/Saved/Collections/' took 0.01s
[2018.04.17-05.38.22:703][  0]LogFileCache: Scanning file cache for directory 'C:/Users/vmirc/Documents/GitHub/mgp-mgp-group-19/Prototypes/Group 19/Content/Developers/vmirc/Collections/' took 0.01s
[2018.04.17-05.38.22:703][  0]LogFileCache: Scanning file cache for directory 'C:/Users/vmirc/Documents/GitHub/mgp-mgp-group-19/Prototypes/Group 19/Content/Collections/' took 0.01s
[2018.04.17-05.38.22:703][  0]LogCollectionManager: Rebuilt the GUID cache for 0 collections in 0.000000 seconds
[2018.04.17-05.38.22:713][  0]LogContentBrowser: Native class hierarchy populated in 0.0084 seconds. Added 2386 classes and 500 folders.
[2018.04.17-05.38.22:773][  0]LogContentBrowser: Native class hierarchy updated for 'WidgetCarousel' in 0.0005 seconds. Added 0 classes and 0 folders.
[2018.04.17-05.38.23:130][  0]LogContentBrowser: Native class hierarchy updated for 'AddContentDialog' in 0.0006 seconds. Added 0 classes and 0 folders.
[2018.04.17-05.38.23:191][  0]LogContentBrowser: Native class hierarchy updated for 'SceneOutliner' in 0.0008 seconds. Added 1 classes and 2 folders.
[2018.04.17-05.38.23:378][  0]LogContentBrowser: Native class hierarchy updated for 'HierarchicalLODOutliner' in 0.0005 seconds. Added 1 classes and 2 folders.
[2018.04.17-05.38.23:378][  0]LogLoad: (Engine Initialization) Total time: 17.50 seconds
[2018.04.17-05.38.23:378][  0]LogLoad: (Engine Initialization) Total Blueprint compile time: 0.00 seconds
[2018.04.17-05.38.23:378][  0]LogExternalProfiler: No external profilers were discovered.  External profiling features will not be available.
[2018.04.17-05.38.23:416][  0]LogContentStreaming: Texture pool size now 1000 MB
[2018.04.17-05.38.23:417][  0]LogSlate: Took 0.000187 seconds to synchronously load lazily loaded font '../../../Engine/Content/Slate/Fonts/Roboto-Regular.ttf' (155K)
[2018.04.17-05.38.23:420][  0]LogSlate: Took 0.000389 seconds to synchronously load lazily loaded font '../../../Engine/Content/Slate/Fonts/Roboto-Bold.ttf' (160K)
[2018.04.17-05.38.23:431][  0]LogSlate: Took 0.005188 seconds to synchronously load lazily loaded font '../../../Engine/Content/Editor/Slate/Fonts/FontAwesome.ttf' (139K)
[2018.04.17-05.38.23:625][  0]LogSlate: Took 0.005908 seconds to synchronously load lazily loaded font '../../../Engine/Content/Slate/Fonts/Roboto-Light.ttf' (159K)
[2018.04.17-05.38.23:661][  1]LogRenderer: Reallocating scene render targets to support 520x360 Format 10 NumSamples 1 (Frame:1).
[2018.04.17-05.38.23:674][  1]LogAssetRegistry: Asset discovery search completed in 12.0233 seconds
[2018.04.17-05.38.23:675][  1]LogCollectionManager: Rebuilt the object cache for 0 collections in 0.000001 seconds (found 0 objects)
[2018.04.17-05.38.23:675][  1]LogCollectionManager: Fixed up redirectors for 0 collections in 0.000032 seconds (updated 0 objects)
[2018.04.17-05.38.24:407][ 52]LogSlate: Took 0.000215 seconds to synchronously load lazily loaded font '../../../Engine/Content/Slate/Fonts/Roboto-Light.ttf' (159K)
[2018.04.17-05.38.37:525][641]LogRenderer: Reallocating scene render targets to support 1168x600 Format 10 NumSamples 1 (Frame:574).
[2018.04.17-05.38.40:103][919]LogTemp: Repeating last play command: Selected Viewport
[2018.04.17-05.38.40:139][919]LogBlueprintUserMessages: Early PlayInEditor Detection: Level '/Game/Untitled.Untitled:PersistentLevel' has LevelScriptBlueprint '/Game/Untitled.Untitled:PersistentLevel.Untitled' with GeneratedClass '/Game/Untitled.Untitled_C' with ClassGeneratedBy '/Game/Untitled.Untitled:PersistentLevel.Untitled'
[2018.04.17-05.38.40:140][919]LogPlayLevel: PlayLevel: No blueprints needed recompiling
[2018.04.17-05.38.40:143][919]PIE: New page: PIE session: Untitled (17 Apr 2018 07:38:40)
[2018.04.17-05.38.40:144][919]LogPlayLevel: Creating play world package: /Game/UEDPIE_0_Untitled
[2018.04.17-05.38.40:148][919]LogPlayLevel: PIE: StaticDuplicateObject took: (0.004542s)
[2018.04.17-05.38.40:149][919]LogAIModule: Creating AISystem for world Untitled
[2018.04.17-05.38.40:150][919]LogPlayLevel: PIE: World Init took: (0.001555s)
[2018.04.17-05.38.40:151][919]LogPlayLevel: PIE: Created PIE world by copying editor world from /Game/Untitled.Untitled to /Game/UEDPIE_0_Untitled.Untitled (0.007402s)
[2018.04.17-05.38.40:167][919]LogInit: XAudio2 using 'Digital Audio (S/PDIF) (2- High Definition Audio Device)' : 2 channels at 48 kHz using 16 bits per sample (channel mask 0x3)
[2018.04.17-05.38.40:174][919]LogInit: FAudioDevice initialized.
[2018.04.17-05.38.40:222][919]LogLoad: Game class is 'GameModeBase'
[2018.04.17-05.38.40:234][919]LogWorld: Bringing World /Game/UEDPIE_0_Untitled.Untitled up for play (max tick rate 0) at 2018.04.17-06.38.40
[2018.04.17-05.38.40:236][919]LogLinker: Warning: Can't find file '/Game/NewLevelSequence'
[2018.04.17-05.38.40:236][919]LogLinker: Warning: Can't find file '/Game/NewLevelSequence'
[2018.04.17-05.38.40:236][919]LogUObjectGlobals: Warning: Failed to find object 'Object /Game/NewLevelSequence.NewLevelSequence'
[2018.04.17-05.38.40:237][919]LogWorld: Bringing up level for play took: 0.003647
[2018.04.17-05.38.40:297][919]LogContentBrowser: Native class hierarchy updated for 'MovieSceneCapture' in 0.0007 seconds. Added 11 classes and 0 folders.
[2018.04.17-05.38.40:313][919]PIE: Play in editor start time for /Game/UEDPIE_0_Untitled 0.168
[2018.04.17-05.38.40:314][919]LogBlueprintUserMessages: Late PlayInEditor Detection: Level '/Game/Untitled.Untitled:PersistentLevel' has LevelScriptBlueprint '/Game/Untitled.Untitled:PersistentLevel.Untitled' with GeneratedClass '/Game/Untitled.Untitled_C' with ClassGeneratedBy '/Game/Untitled.Untitled:PersistentLevel.Untitled'
[2018.04.17-05.38.41:165][ 12]LogBlueprintUserMessages: Early EndPlayMap Detection: Level '/Game/Untitled.Untitled:PersistentLevel' has LevelScriptBlueprint '/Game/Untitled.Untitled:PersistentLevel.Untitled' with GeneratedClass '/Game/Untitled.Untitled_C' with ClassGeneratedBy '/Game/Untitled.Untitled:PersistentLevel.Untitled'
[2018.04.17-05.38.41:200][ 12]LogBlueprintUserMessages: Late EndPlayMap Detection: Level '/Game/Untitled.Untitled:PersistentLevel' has LevelScriptBlueprint '/Game/Untitled.Untitled:PersistentLevel.Untitled' with GeneratedClass '/Game/Untitled.Untitled_C' with ClassGeneratedBy '/Game/Untitled.Untitled:PersistentLevel.Untitled'
[2018.04.17-05.38.43:144][214]LogSlate: Took 0.000140 seconds to synchronously load lazily loaded font '../../../Engine/Content/Slate/Fonts/Roboto-Light.ttf' (159K)
[2018.04.17-05.38.43:255][214]LogSlate: Took 0.005913 seconds to synchronously load lazily loaded font '../../../Engine/Content/Editor/Slate/Fonts/Roboto-BoldCondensed.ttf' (158K)
[2018.04.17-05.38.49:034][808]LogAIModule: Creating AISystem for world Pendulu
[2018.04.17-05.38.49:055][808]Cmd: MAP LOAD FILE="../../../../../../Users/vmirc/Documents/GitHub/mgp-mgp-group-19/Prototypes/Group 19/Content/Pendulu.umap" TEMPLATE=0 SHOWPROGRESS=1 FEATURELEVEL=3
[2018.04.17-05.38.49:055][808]LightingResults: New page: Lighting Build
[2018.04.17-05.38.49:056][808]LoadErrors: New page: Loading map: Pendulu.umap
[2018.04.17-05.38.49:056][808]MapCheck: New page: Map Check
[2018.04.17-05.38.49:056][808]LightingResults: New page: Lighting Build
[2018.04.17-05.38.49:071][808]LogEditorServer: Finished looking for orphan Actors (0.000 secs)
[2018.04.17-05.38.49:106][808]Cmd: MAP CHECKDEP NOCLEARLOG
[2018.04.17-05.38.49:153][808]MapCheck: Map check complete: 0 Error(s), 0 Warning(s), took 47.183ms to complete.
[2018.04.17-05.38.49:153][808]LogFileHelpers: Loading map 'Pendulu' took 0.100
[2018.04.17-05.38.50:639][972]LogTemp: Repeating last play command: Selected Viewport
[2018.04.17-05.38.50:658][972]LogBlueprintUserMessages: Early PlayInEditor Detection: Level '/Game/Pendulu.Pendulu:PersistentLevel' has LevelScriptBlueprint '/Game/Pendulu.Pendulu:PersistentLevel.Pendulu' with GeneratedClass '/Game/Pendulu.Pendulu_C' with ClassGeneratedBy '/Game/Pendulu.Pendulu:PersistentLevel.Pendulu'
[2018.04.17-05.38.50:658][972]LogPlayLevel: PlayLevel: No blueprints needed recompiling
[2018.04.17-05.38.50:658][972]PIE: New page: PIE session: Pendulu (17 Apr 2018 07:38:50)
[2018.04.17-05.38.50:658][972]LogPlayLevel: Creating play world package: /Game/UEDPIE_0_Pendulu
[2018.04.17-05.38.50:661][972]LogPlayLevel: PIE: StaticDuplicateObject took: (0.002521s)
[2018.04.17-05.38.50:661][972]LogAIModule: Creating AISystem for world Pendulu
[2018.04.17-05.38.50:662][972]LogPlayLevel: PIE: World Init took: (0.000789s)
[2018.04.17-05.38.50:662][972]LogPlayLevel: PIE: Created PIE world by copying editor world from /Game/Pendulu.Pendulu to /Game/UEDPIE_0_Pendulu.Pendulu (0.003552s)
[2018.04.17-05.38.50:674][972]LogInit: XAudio2 using 'Digital Audio (S/PDIF) (2- High Definition Audio Device)' : 2 channels at 48 kHz using 16 bits per sample (channel mask 0x3)
[2018.04.17-05.38.50:679][972]LogInit: FAudioDevice initialized.
[2018.04.17-05.38.50:717][972]LogLoad: Game class is 'GameModeBase'
[2018.04.17-05.38.50:719][972]LogWorld: Bringing World /Game/UEDPIE_0_Pendulu.Pendulu up for play (max tick rate 0) at 2018.04.17-06.38.50
[2018.04.17-05.38.50:730][972]LogWorld: Bringing up level for play took: 0.011762
[2018.04.17-05.38.50:735][972]PIE: Play in editor start time for /Game/UEDPIE_0_Pendulu 0.589
[2018.04.17-05.38.50:735][972]LogBlueprintUserMessages: Late PlayInEditor Detection: Level '/Game/Pendulu.Pendulu:PersistentLevel' has LevelScriptBlueprint '/Game/Pendulu.Pendulu:PersistentLevel.Pendulu' with GeneratedClass '/Game/Pendulu.Pendulu_C' with ClassGeneratedBy '/Game/Pendulu.Pendulu:PersistentLevel.Pendulu'
[2018.04.17-05.38.55:487][530]LogBlueprintUserMessages: [Pendulu_C_0] -4.500398
[2018.04.17-05.38.57:552][772]LogBlueprintUserMessages: Early EndPlayMap Detection: Level '/Game/Pendulu.Pendulu:PersistentLevel' has LevelScriptBlueprint '/Game/Pendulu.Pendulu:PersistentLevel.Pendulu' with GeneratedClass '/Game/Pendulu.Pendulu_C' with ClassGeneratedBy '/Game/Pendulu.Pendulu:PersistentLevel.Pendulu'
[2018.04.17-05.38.57:587][772]LogBlueprintUserMessages: Late EndPlayMap Detection: Level '/Game/Pendulu.Pendulu:PersistentLevel' has LevelScriptBlueprint '/Game/Pendulu.Pendulu:PersistentLevel.Pendulu' with GeneratedClass '/Game/Pendulu.Pendulu_C' with ClassGeneratedBy '/Game/Pendulu.Pendulu:PersistentLevel.Pendulu'
[2018.04.17-05.43.48:361][845]LogTemp: Repeating last play command: Selected Viewport
[2018.04.17-05.43.48:376][845]LogBlueprintUserMessages: Early PlayInEditor Detection: Level '/Game/Pendulu.Pendulu:PersistentLevel' has LevelScriptBlueprint '/Game/Pendulu.Pendulu:PersistentLevel.Pendulu' with GeneratedClass '/Game/Pendulu.Pendulu_C' with ClassGeneratedBy '/Game/Pendulu.Pendulu:PersistentLevel.Pendulu'
[2018.04.17-05.43.48:376][845]LogPlayLevel: PlayLevel: No blueprints needed recompiling
[2018.04.17-05.43.48:376][845]PIE: New page: PIE session: Pendulu (17 Apr 2018 07:43:48)
[2018.04.17-05.43.48:377][845]LogPlayLevel: Creating play world package: /Game/UEDPIE_0_Pendulu
[2018.04.17-05.43.48:380][845]LogPlayLevel: PIE: StaticDuplicateObject took: (0.003077s)
[2018.04.17-05.43.48:381][845]LogAIModule: Creating AISystem for world Pendulu
[2018.04.17-05.43.48:382][845]LogPlayLevel: PIE: World Init took: (0.001271s)
[2018.04.17-05.43.48:382][845]LogPlayLevel: PIE: Created PIE world by copying editor world from /Game/Pendulu.Pendulu to /Game/UEDPIE_0_Pendulu.Pendulu (0.004748s)
[2018.04.17-05.43.48:396][845]LogInit: XAudio2 using 'Digital Audio (S/PDIF) (2- High Definition Audio Device)' : 2 channels at 48 kHz using 16 bits per sample (channel mask 0x3)
[2018.04.17-05.43.48:402][845]LogInit: FAudioDevice initialized.
[2018.04.17-05.43.48:436][845]LogLoad: Game class is 'GameModeBase'
[2018.04.17-05.43.48:438][845]LogWorld: Bringing World /Game/UEDPIE_0_Pendulu.Pendulu up for play (max tick rate 0) at 2018.04.17-06.43.48
[2018.04.17-05.43.48:439][845]LogWorld: Bringing up level for play took: 0.002488
[2018.04.17-05.43.48:443][845]PIE: Play in editor start time for /Game/UEDPIE_0_Pendulu 0.297
[2018.04.17-05.43.48:444][845]LogBlueprintUserMessages: Late PlayInEditor Detection: Level '/Game/Pendulu.Pendulu:PersistentLevel' has LevelScriptBlueprint '/Game/Pendulu.Pendulu:PersistentLevel.Pendulu' with GeneratedClass '/Game/Pendulu.Pendulu_C' with ClassGeneratedBy '/Game/Pendulu.Pendulu:PersistentLevel.Pendulu'
[2018.04.17-05.43.51:918][253]LogBlueprintUserMessages: Early EndPlayMap Detection: Level '/Game/Pendulu.Pendulu:PersistentLevel' has LevelScriptBlueprint '/Game/Pendulu.Pendulu:PersistentLevel.Pendulu' with GeneratedClass '/Game/Pendulu.Pendulu_C' with ClassGeneratedBy '/Game/Pendulu.Pendulu:PersistentLevel.Pendulu'
[2018.04.17-05.43.51:952][253]LogBlueprintUserMessages: Late EndPlayMap Detection: Level '/Game/Pendulu.Pendulu:PersistentLevel' has LevelScriptBlueprint '/Game/Pendulu.Pendulu:PersistentLevel.Pendulu' with GeneratedClass '/Game/Pendulu.Pendulu_C' with ClassGeneratedBy '/Game/Pendulu.Pendulu:PersistentLevel.Pendulu'
[2018.04.17-05.43.54:364][524]LogEditorViewport: Clicking on Actor (LMB): StaticMeshActor (Cube)
[2018.04.17-05.43.55:721][655]LogEditorViewport: Clicking on Actor (LMB): StaticMeshActor (Cube)
[2018.04.17-05.44.04:143][550]LogEditorViewport: Clicking on Actor (LMB): StaticMeshActor (Cube)
[2018.04.17-05.44.04:509][588]LogEditorViewport: Clicking on Actor (LMB): StaticMeshActor (Cube)
[2018.04.17-05.44.04:576][593]LogEditorViewport: Clicking on Component (LMB): StaticMeshComponent (StaticMeshComponent0)
[2018.04.17-05.44.06:977][851]LogTemp: Repeating last play command: Selected Viewport
[2018.04.17-05.44.06:994][851]LogBlueprintUserMessages: Early PlayInEditor Detection: Level '/Game/Pendulu.Pendulu:PersistentLevel' has LevelScriptBlueprint '/Game/Pendulu.Pendulu:PersistentLevel.Pendulu' with GeneratedClass '/Game/Pendulu.Pendulu_C' with ClassGeneratedBy '/Game/Pendulu.Pendulu:PersistentLevel.Pendulu'
[2018.04.17-05.44.06:994][851]LogPlayLevel: PlayLevel: No blueprints needed recompiling
[2018.04.17-05.44.06:994][851]PIE: New page: PIE session: Pendulu (17 Apr 2018 07:44:06)
[2018.04.17-05.44.06:994][851]LogPlayLevel: Creating play world package: /Game/UEDPIE_0_Pendulu
[2018.04.17-05.44.06:998][851]LogPlayLevel: PIE: StaticDuplicateObject took: (0.003987s)
[2018.04.17-05.44.06:999][851]LogAIModule: Creating AISystem for world Pendulu
[2018.04.17-05.44.06:999][851]LogPlayLevel: PIE: World Init took: (0.000984s)
[2018.04.17-05.44.06:999][851]LogPlayLevel: PIE: Created PIE world by copying editor world from /Game/Pendulu.Pendulu to /Game/UEDPIE_0_Pendulu.Pendulu (0.005321s)
[2018.04.17-05.44.07:017][851]LogInit: XAudio2 using 'Digital Audio (S/PDIF) (2- High Definition Audio Device)' : 2 channels at 48 kHz using 16 bits per sample (channel mask 0x3)
[2018.04.17-05.44.07:022][851]LogInit: FAudioDevice initialized.
[2018.04.17-05.44.07:054][851]LogLoad: Game class is 'GameModeBase'
[2018.04.17-05.44.07:055][851]LogWorld: Bringing World /Game/UEDPIE_0_Pendulu.Pendulu up for play (max tick rate 0) at 2018.04.17-06.44.07
[2018.04.17-05.44.07:056][851]LogWorld: Bringing up level for play took: 0.001377
[2018.04.17-05.44.07:058][851]PIE: Play in editor start time for /Game/UEDPIE_0_Pendulu 0.912
[2018.04.17-05.44.07:058][851]LogBlueprintUserMessages: Late PlayInEditor Detection: Level '/Game/Pendulu.Pendulu:PersistentLevel' has LevelScriptBlueprint '/Game/Pendulu.Pendulu:PersistentLevel.Pendulu' with GeneratedClass '/Game/Pendulu.Pendulu_C' with ClassGeneratedBy '/Game/Pendulu.Pendulu:PersistentLevel.Pendulu'
[2018.04.17-05.44.08:749][ 47]LogBlueprintUserMessages: Early EndPlayMap Detection: Level '/Game/Pendulu.Pendulu:PersistentLevel' has LevelScriptBlueprint '/Game/Pendulu.Pendulu:PersistentLevel.Pendulu' with GeneratedClass '/Game/Pendulu.Pendulu_C' with ClassGeneratedBy '/Game/Pendulu.Pendulu:PersistentLevel.Pendulu'
[2018.04.17-05.44.08:796][ 47]LogBlueprintUserMessages: Late EndPlayMap Detection: Level '/Game/Pendulu.Pendulu:PersistentLevel' has LevelScriptBlueprint '/Game/Pendulu.Pendulu:PersistentLevel.Pendulu' with GeneratedClass '/Game/Pendulu.Pendulu_C' with ClassGeneratedBy '/Game/Pendulu.Pendulu:PersistentLevel.Pendulu'
[2018.04.17-05.44.16:733][810]LogSavePackage: Save=83.00ms
[2018.04.17-05.44.16:733][810]LogSavePackage: Moving '../../../../../../Users/vmirc/Documents/GitHub/mgp-mgp-group-19/Prototypes/Group 19/Saved/UEDPCPenduluE3FDA0094B7AA15B62ADB3A768A02B02.tmp' to '../../../../../../Users/vmirc/Documents/GitHub/mgp-mgp-group-19/Prototypes/Group 19/Saved/Autosaves/Game/UEDPCPendulu.umap'
[2018.04.17-05.44.16:734][810]LogSavePackage: Display: Finished SavePackage ../../../../../../Users/vmirc/Documents/GitHub/mgp-mgp-group-19/Prototypes/Group 19/Saved/Autosaves/Game/UEDPCPendulu.umap
[2018.04.17-05.44.16:748][810]LogEditorTransaction: Undo Spawn Play From Here Start
[2018.04.17-05.44.21:707][167]LogEditorViewport: Clicking on Actor (context menu): StaticMeshActor (Cube)
[2018.04.17-05.44.29:172][958]LogSavePackage: Save=76.55ms
[2018.04.17-05.44.29:172][958]LogSavePackage: Moving '../../../../../../Users/vmirc/Documents/GitHub/mgp-mgp-group-19/Prototypes/Group 19/Saved/UEDPCPendulu0422B57D48156D1890088AAE1D98AA5E.tmp' to '../../../../../../Users/vmirc/Documents/GitHub/mgp-mgp-group-19/Prototypes/Group 19/Saved/Autosaves/Game/UEDPCPendulu.umap'
[2018.04.17-05.44.29:177][958]LogSavePackage: Display: Finished SavePackage ../../../../../../Users/vmirc/Documents/GitHub/mgp-mgp-group-19/Prototypes/Group 19/Saved/Autosaves/Game/UEDPCPendulu.umap
[2018.04.17-05.44.29:184][958]LogEditorTransaction: Undo Spawn Play From Here Start
[2018.04.17-05.44.30:025][ 52]LogTemp: Repeating last play command: Standalone Game
[2018.04.17-05.44.30:178][ 52]LogSavePackage: Save=70.57ms
[2018.04.17-05.44.30:178][ 52]LogSavePackage: Moving '../../../../../../Users/vmirc/Documents/GitHub/mgp-mgp-group-19/Prototypes/Group 19/Saved/UEDPCPendulu8DCB4408445E617E45B84EAE3CC95819.tmp' to '../../../../../../Users/vmirc/Documents/GitHub/mgp-mgp-group-19/Prototypes/Group 19/Saved/Autosaves/Game/UEDPCPendulu.umap'
[2018.04.17-05.44.30:180][ 52]LogSavePackage: Display: Finished SavePackage ../../../../../../Users/vmirc/Documents/GitHub/mgp-mgp-group-19/Prototypes/Group 19/Saved/Autosaves/Game/UEDPCPendulu.umap
[2018.04.17-05.44.30:184][ 52]LogEditorTransaction: Undo Spawn Play From Here Start
[2018.04.17-05.45.04:136][520]LogSlate: Took 0.004169 seconds to synchronously load lazily loaded font '../../../Engine/Content/Editor/Slate/Fonts/Roboto-Italic.ttf' (157K)
