Log file open, 04/18/18 00:37:01
LogWindows: Failed to load 'aqProf.dll' (GetLastError=126)
LogWindows: File 'aqProf.dll' does not exist
LogWindows: Failed to load 'VSPerf140.dll' (GetLastError=126)
LogWindows: File 'VSPerf140.dll' does not exist
LogWindows: Failed to load 'VtuneApi.dll' (GetLastError=126)
LogWindows: File 'VtuneApi.dll' does not exist
LogWindows: Failed to load 'VtuneApi32e.dll' (GetLastError=126)
LogWindows: File 'VtuneApi32e.dll' does not exist
LogInit: Display: Running engine for game: MyProject2
LogPlatformFile: Not using cached read wrapper
LogInit: Display: RandInit(600387302) SRandInit(600387302).
LogTaskGraph: Started task graph with 5 named threads and 14 total threads with 3 sets of task threads.
LogStats: Stats thread started at 0.163190
LogD3D11RHI: Aftermath initialized
LogPluginManager: Mounting plugin Paper2D
LogPluginManager: Mounting plugin LightPropagationVolume
LogPluginManager: Mounting plugin CodeLiteSourceCodeAccess
LogPluginManager: Mounting plugin GitSourceControl
LogPluginManager: Mounting plugin KDevelopSourceCodeAccess
LogPluginManager: Mounting plugin NullSourceCodeAccess
LogPluginManager: Mounting plugin PerforceSourceControl
LogPluginManager: Mounting plugin SubversionSourceControl
LogPluginManager: Mounting plugin UObjectPlugin
LogPluginManager: Mounting plugin VisualStudioSourceCodeAccess
LogPluginManager: Mounting plugin XCodeSourceCodeAccess
LogPluginManager: Mounting plugin AssetManagerEditor
LogPluginManager: Mounting plugin AudioCapture
LogPluginManager: Mounting plugin FacialAnimation
LogPluginManager: Mounting plugin GameplayTagsEditor
LogPluginManager: Mounting plugin MobileLauncherProfileWizard
LogPluginManager: Mounting plugin PluginBrowser
LogPluginManager: Mounting plugin SpeedTreeImporter
LogPluginManager: Mounting plugin AlembicImporter
LogPluginManager: Mounting plugin CharacterAI
LogPluginManager: Mounting plugin HTML5Networking
LogPluginManager: Mounting plugin AndroidMedia
LogPluginManager: Mounting plugin AvfMedia
LogPluginManager: Mounting plugin MediaPlayerEditor
LogPluginManager: Mounting plugin WmfMedia
LogPluginManager: Mounting plugin TcpMessaging
LogPluginManager: Mounting plugin UdpMessaging
LogPluginManager: Mounting plugin LevelSequenceEditor
LogPluginManager: Mounting plugin MatineeToLevelSequence
LogPluginManager: Mounting plugin OnlineSubsystemGooglePlay
LogPluginManager: Mounting plugin OnlineSubsystemIOS
LogPluginManager: Mounting plugin OnlineSubsystem
LogPluginManager: Mounting plugin OnlineSubsystemNull
LogPluginManager: Mounting plugin OnlineSubsystemUtils
LogPluginManager: Mounting plugin AndroidDeviceProfileSelector
LogPluginManager: Mounting plugin AndroidMoviePlayer
LogPluginManager: Mounting plugin AndroidPermission
LogPluginManager: Mounting plugin AppleMoviePlayer
LogPluginManager: Mounting plugin ArchVisCharacter
LogPluginManager: Mounting plugin CableComponent
LogPluginManager: Mounting plugin CustomMeshComponent
LogPluginManager: Mounting plugin ExampleDeviceProfileSelector
LogPluginManager: Mounting plugin GoogleCloudMessaging
LogPluginManager: Mounting plugin ImmediatePhysics
LogPluginManager: Mounting plugin IOSDeviceProfileSelector
LogPluginManager: Mounting plugin LinuxDeviceProfileSelector
LogPluginManager: Mounting plugin LocationServicesBPLibrary
LogPluginManager: Mounting plugin MobilePatchingUtils
LogPluginManager: Mounting plugin OculusVR
LogPluginManager: Mounting plugin PhysXVehicles
LogPluginManager: Mounting plugin ProceduralMeshComponent
LogPluginManager: Mounting plugin RuntimePhysXCooking
LogPluginManager: Mounting plugin SteamVR
LogPluginManager: Mounting plugin WindowsMoviePlayer
LogInit: Using libcurl 7.47.1
LogInit:  - built for x86_64-pc-win32
LogInit:  - supports SSL with OpenSSL/1.0.2g
LogInit:  - supports HTTP deflate (compression) using libz 1.2.8
LogInit:  - other features:
LogInit:      CURL_VERSION_SSL
LogInit:      CURL_VERSION_LIBZ
LogInit:      CURL_VERSION_IPV6
LogInit:      CURL_VERSION_ASYNCHDNS
LogInit:      CURL_VERSION_LARGEFILE
LogInit:      CURL_VERSION_IDN
LogInit:  CurlRequestOptions (configurable via config and command line):
LogInit:  - bVerifyPeer = false  - Libcurl will NOT verify peer certificate
LogInit:  - bUseHttpProxy = false  - Libcurl will NOT use HTTP proxy
LogInit:  - bDontReuseConnections = false  - Libcurl will reuse connections
LogInit:  - CertBundlePath = nullptr  - Libcurl will use whatever was configured at build time.
LogInit: Build: ++UE4+Release-4.17-CL-3658906
LogInit: Engine Version: 4.17.2-3658906+++UE4+Release-4.17
LogInit: Compatible Engine Version: 4.17.0-3573198+++UE4+Release-4.17
LogInit: Net CL: 3573198
LogDevObjectVersion: Number of dev versions registered: 16
LogDevObjectVersion:   Dev-Blueprints (B0D832E4-1F89-4F0D-ACCF-7EB736FD4AA2): 10
LogDevObjectVersion:   Dev-Build (E1C64328-A22C-4D53-A36C-8E866417BD8C): 0
LogDevObjectVersion:   Dev-Core (375EC13C-06E4-48FB-B500-84F0262A717E): 2
LogDevObjectVersion:   Dev-Editor (E4B068ED-F494-42E9-A231-DA0B2E46BB41): 20
LogDevObjectVersion:   Dev-Framework (CFFC743F-43B0-4480-9391-14DF171D2073): 28
LogDevObjectVersion:   Dev-Mobile (B02B49B5-BB20-44E9-A304-32B752E40360): 0
LogDevObjectVersion:   Dev-Networking (A4E4105C-59A1-49B5-A7C5-40C4547EDFEE): 0
LogDevObjectVersion:   Dev-Online (39C831C9-5AE6-47DC-9A44-9C173E1C8E7C): 0
LogDevObjectVersion:   Dev-Physics (78F01B33-EBEA-4F98-B9B4-84EACCB95AA2): 0
LogDevObjectVersion:   Dev-Platform (6631380F-2D4D-43E0-8009-CF276956A95A): 0
LogDevObjectVersion:   Dev-Rendering (12F88B9F-8875-4AFC-A67C-D90C383ABD29): 19
LogDevObjectVersion:   Dev-Sequencer (7B5AE74C-D270-4C10-A958-57980B212A5A): 4
LogDevObjectVersion:   Dev-VR (D7296918-1DD6-4BDD-9DE2-64A83CC13884): 0
LogDevObjectVersion:   Dev-LoadTimes (C2A15278-BFE7-4AFE-6C17-90FF531DF755): 1
LogDevObjectVersion:   Private-Geometry (6EACA3D4-40EC-4CC1-B786-8BED09428FC5): 1
LogDevObjectVersion:   Dev-AnimPhys (29E575DD-E0A3-4627-9D10-D276232CDCEA): 7
LogInit: Compiled (64-bit): Sep 22 2017 13:47:16
LogInit: Compiled with Visual C++: 19.00.24215.01
LogInit: Build Configuration: Development
LogInit: Branch Name: ++UE4+Release-4.17
LogInit: Command line:  /Temp/Autosaves/Game/UEDPCPlaytestPendulum -game -PIEVIACONSOLE -ResX=1280 -ResY=720  -Multiprocess -messaging -SessionName="Play in Standalone Game" -windowed 
LogInit: Base directory: C:/Program Files/Epic Games/UE_4.17/Engine/Binaries/Win64/
LogInit: Installed Engine Build: 1
LogInit: Presizing for max 8388607 objects, including 0 objects not considered by GC, pre-allocating 0 bytes for permanent pool.
LogInit: Object subsystem initialized
[2018.04.17-23.37.01:585][  0]LogInit: Selected Device Profile: [Windows]
[2018.04.17-23.37.01:585][  0]LogInit: Applying CVar settings loaded from the selected device profile: [Windows]
[2018.04.17-23.37.01:589][  0]LogInit: Computer: DESKTOP-MCF393H
[2018.04.17-23.37.01:589][  0]LogInit: User: vmirc
[2018.04.17-23.37.01:589][  0]LogInit: CPU Page size=4096, Cores=4
[2018.04.17-23.37.01:589][  0]LogInit: High frequency timer resolution =3.423913 MHz
[2018.04.17-23.37.01:590][  0]LogMemory: Memory total: Physical=15.9GB (16GB approx)
[2018.04.17-23.37.01:590][  0]LogMemory: Platform Memory Stats for Windows
[2018.04.17-23.37.01:590][  0]LogMemory: Process Physical Memory: 278.96 MB used, 278.96 MB peak
[2018.04.17-23.37.01:590][  0]LogMemory: Process Virtual Memory: 282.23 MB used, 282.23 MB peak
[2018.04.17-23.37.01:590][  0]LogMemory: Physical Memory: 7990.40 MB used,  8265.49 MB free, 16255.89 MB total
[2018.04.17-23.37.01:590][  0]LogMemory: Virtual Memory: 714.92 MB used,  8265.49 MB free, 134217728.00 MB total
[2018.04.17-23.37.01:743][  0]LogInit: Using OS detected language (en-US).
[2018.04.17-23.37.01:743][  0]LogInit: Using OS detected locale (en-GB).
[2018.04.17-23.37.01:745][  0]LogTextLocalizationManager: No specific localization for 'en-US' exists, so the 'en' localization will be used.
[2018.04.17-23.37.02:245][  0]LogD3D11RHI: D3D11 adapters:
[2018.04.17-23.37.02:287][  0]LogD3D11RHI:    0. 'NVIDIA GeForce GTX 760' (Feature Level 11_0)
[2018.04.17-23.37.02:287][  0]LogD3D11RHI:       2007/0/8127 MB DedicatedVideo/DedicatedSystem/SharedSystem, Outputs:1, VendorId:0x10de
[2018.04.17-23.37.02:291][  0]LogD3D11RHI:    1. 'Intel(R) HD Graphics 4600' (Feature Level 11_0)
[2018.04.17-23.37.02:291][  0]LogD3D11RHI:       112/0/2048 MB DedicatedVideo/DedicatedSystem/SharedSystem, Outputs:1, VendorId:0x8086
[2018.04.17-23.37.02:292][  0]LogD3D11RHI:    2. 'Microsoft Basic Render Driver' (Feature Level 11_0)
[2018.04.17-23.37.02:292][  0]LogD3D11RHI:       0/0/8127 MB DedicatedVideo/DedicatedSystem/SharedSystem, Outputs:0, VendorId:0x1414
[2018.04.17-23.37.02:292][  0]LogD3D11RHI: Chosen D3D11 Adapter: 0
[2018.04.17-23.37.02:299][  0]LogD3D11RHI: Creating new Direct3DDevice
[2018.04.17-23.37.02:299][  0]LogD3D11RHI:     GPU DeviceId: 0x1187 (for the marketing name, search the web for "GPU Device Id")
[2018.04.17-23.37.02:299][  0]LogWindows: EnumDisplayDevices:
[2018.04.17-23.37.02:299][  0]LogWindows:    0. 'NVIDIA GeForce GTX 760' (P:1 D:1)
[2018.04.17-23.37.02:299][  0]LogWindows:    1. 'NVIDIA GeForce GTX 760' (P:0 D:0)
[2018.04.17-23.37.02:299][  0]LogWindows:    2. 'NVIDIA GeForce GTX 760' (P:0 D:0)
[2018.04.17-23.37.02:299][  0]LogWindows:    3. 'NVIDIA GeForce GTX 760' (P:0 D:0)
[2018.04.17-23.37.02:299][  0]LogWindows:    4. 'Intel(R) HD Graphics 4600' (P:0 D:1)
[2018.04.17-23.37.02:299][  0]LogWindows:    5. 'Intel(R) HD Graphics 4600' (P:0 D:0)
[2018.04.17-23.37.02:299][  0]LogWindows:    6. 'Intel(R) HD Graphics 4600' (P:0 D:0)
[2018.04.17-23.37.02:299][  0]LogWindows: DebugString: GetVideoDriverDetailsInvalid PrimaryIsNotTheChoosenAdapter GetVideoDriverDetailsInvalid PrimaryIsNotTheChoosenAdapter GetVideoDriverDetailsInvalid PrimaryIsNotTheChoosenAdapter GetVideoDriverDetailsInvalid PrimaryIsNotTheChoosenAdapter GetVideoDriverDetailsInvalid PrimaryIsNotTheChoosenAdapter GetVideoDriverDetailsInvalid PrimaryIsNotTheChoosenAdapter GetVideoDriverDetailsInvalid PrimaryIsNotTheChoosenAdapter FoundDriverCount:0 
[2018.04.17-23.37.02:299][  0]LogD3D11RHI:     Adapter Name: NVIDIA GeForce GTX 760
[2018.04.17-23.37.02:299][  0]LogD3D11RHI:   Driver Version: Unknown (internal:Unknown, unified:Unknown)
[2018.04.17-23.37.02:299][  0]LogD3D11RHI:      Driver Date: Unknown
[2018.04.17-23.37.02:299][  0]LogRHI: Texture pool is 1361 MB (70% of 1945 MB)
[2018.04.17-23.37.02:329][  0]LogD3D11RHI: Async texture creation enabled
[2018.04.17-23.37.02:391][  0]LogD3D11RHI: GPU Timing Frequency: 1000.000000 (Debug: 2 2)
[2018.04.17-23.37.02:440][  0]LogShaderCompilers: Guid format shader working directory is -37 characters bigger than the processId version (../../../../../../Users/vmirc/Documents/GitHub/mgp-mgp-group-19/Prototypes/Group 19/Intermediate/Shaders/WorkingDirectory/2380/).
[2018.04.17-23.37.02:440][  0]LogShaderCompilers: Cleaned the shader compiler working directory 'C:/Users/vmirc/AppData/Local/Temp/UnrealShaderWorkingDir/4D57570B40F64F3580952C838F04BF15/'.
[2018.04.17-23.37.02:440][  0]LogShaderCompilers: Display: Using Local Shader Compiler.
[2018.04.17-23.37.03:196][  0]LogTemp: Display: Loaded TP WindowsClientTargetPlatform
[2018.04.17-23.37.03:239][  0]LogTemp: Display: Loaded TP WindowsNoEditorTargetPlatform
[2018.04.17-23.37.03:279][  0]LogTemp: Display: Loaded TP WindowsServerTargetPlatform
[2018.04.17-23.37.03:320][  0]LogTemp: Display: Loaded TP WindowsTargetPlatform
[2018.04.17-23.37.03:320][  0]LogTargetPlatformManager: Display: Building Assets For Windows
[2018.04.17-23.37.03:700][  0]LogDerivedDataCache: Display: Max Cache Size: 512 MB
[2018.04.17-23.37.03:781][  0]LogDerivedDataCache: Loaded boot cache 0.08s 93MB C:/Users/vmirc/AppData/Local/UnrealEngine/4.17/DerivedDataCache/Boot.ddc.
[2018.04.17-23.37.03:781][  0]LogDerivedDataCache: Display: Loaded Boot cache: C:/Users/vmirc/AppData/Local/UnrealEngine/4.17/DerivedDataCache/Boot.ddc
[2018.04.17-23.37.03:781][  0]LogDerivedDataCache: FDerivedDataBackendGraph:  Pak pak cache file ../../../../../../Users/vmirc/Documents/GitHub/mgp-mgp-group-19/Prototypes/Group 19/DerivedDataCache/DDC.ddp not found, will not use a pak cache.
[2018.04.17-23.37.03:781][  0]LogDerivedDataCache: Unable to find inner node Pak for hierarchical cache Hierarchy.
[2018.04.17-23.37.03:781][  0]LogDerivedDataCache: FDerivedDataBackendGraph:  CompressedPak pak cache file ../../../../../../Users/vmirc/Documents/GitHub/mgp-mgp-group-19/Prototypes/Group 19/DerivedDataCache/Compressed.ddp not found, will not use a pak cache.
[2018.04.17-23.37.03:781][  0]LogDerivedDataCache: Unable to find inner node CompressedPak for hierarchical cache Hierarchy.
[2018.04.17-23.37.03:795][  0]LogDerivedDataCache: Display: Pak cache opened for reading ../../../Engine/DerivedDataCache/Compressed.ddp.
[2018.04.17-23.37.03:807][  0]LogDerivedDataCache: Using Local data cache path C:/Users/vmirc/AppData/Local/UnrealEngine/Common/DerivedDataCache: Writable
[2018.04.17-23.37.03:816][  0]LogMaterial: Verifying Global Shaders for PCD3D_SM5
[2018.04.17-23.37.03:817][  0]LogSlate: Using Freetype 2.6.0
[2018.04.17-23.37.03:817][  0]LogSlate: SlateFontCache - WITH_FREETYPE: 1, WITH_HARFBUZZ: 1
[2018.04.17-23.37.03:817][  0]LogSlate: SlateFontCache - WITH_FREETYPE: 1, WITH_HARFBUZZ: 1
[2018.04.17-23.37.04:020][  0]LogAssetRegistry: FAssetRegistry took 0.0038 seconds to start up
[2018.04.17-23.37.04:045][  0]LogPackageLocalizationCache: Processed 5 localized package path(s) for 2 prioritized culture(s) in 0.006857 seconds
[2018.04.17-23.37.04:115][  0]LogInit: Selected Device Profile: [Windows]
[2018.04.17-23.37.04:216][  0]LogContentStreaming: Texture pool size is 1000.00 MB
[2018.04.17-23.37.04:455][  0]LogSimplygon: Simplygon DLL not present - disabling.
[2018.04.17-23.37.04:516][  0]LogMeshReduction: Using SimplygonSwarm for distributed automatic mesh merging
[2018.04.17-23.37.04:516][  0]LogMeshReduction: Using QuadricMeshReduction for automatic static mesh reduction
[2018.04.17-23.37.04:516][  0]LogMeshReduction: No automatic skeletal mesh reduction module available
[2018.04.17-23.37.04:516][  0]LogMeshReduction: No automatic mesh merging module available
[2018.04.17-23.37.04:516][  0]LogMeshMerging: No automatic mesh merging module available
[2018.04.17-23.37.04:789][  0]LogNetVersion: MyProject2 , NetCL: 3573198, EngineNetVer: 2, GameNetVer: 0 (Checksum: 237949846)
[2018.04.17-23.37.04:935][  0]LogInit: WinSock: version 1.1 (2.2), MaxSocks=32767, MaxUdp=65467
[2018.04.17-23.37.05:993][  0]LogMoviePlayer: Initializing movie player
[2018.04.17-23.37.06:041][  0]LogWindowsTextInputMethodSystem: Display: IME system now deactivated.
[2018.04.17-23.37.06:293][  0]LogCollectionManager: Loaded 0 collections in 0.001390 seconds
[2018.04.17-23.37.06:343][  0]LogFileCache: Scanning file cache for directory 'C:/Users/vmirc/Documents/GitHub/mgp-mgp-group-19/Prototypes/Group 19/Saved/Collections/' took 0.01s
[2018.04.17-23.37.06:343][  0]LogFileCache: Scanning file cache for directory 'C:/Users/vmirc/Documents/GitHub/mgp-mgp-group-19/Prototypes/Group 19/Content/Developers/vmirc/Collections/' took 0.01s
[2018.04.17-23.37.06:343][  0]LogFileCache: Scanning file cache for directory 'C:/Users/vmirc/Documents/GitHub/mgp-mgp-group-19/Prototypes/Group 19/Content/Collections/' took 0.01s
[2018.04.17-23.37.06:343][  0]LogCollectionManager: Rebuilt the object cache for 0 collections in 0.000000 seconds (found 0 objects)
[2018.04.17-23.37.06:343][  0]LogCollectionManager: Fixed up redirectors for 0 collections in 0.000141 seconds (updated 0 objects)
[2018.04.17-23.37.06:491][  0]LogTcpMessaging: Initializing TcpMessaging bridge
[2018.04.17-23.37.06:531][  0]LogUdpMessaging: Initializing bridge on interface 0.0.0.0:0 to multicast group 230.0.0.1:6666.
[2018.04.17-23.37.06:915][  0]SourceControl: Source control is disabled
[2018.04.17-23.37.06:915][  0]SourceControl: Source control is disabled
[2018.04.17-23.37.06:953][  0]SourceControl: Source control is disabled
[2018.04.17-23.37.07:159][  0]LogAndroidPermission: UAndroidPermissionCallbackProxy::GetInstance
[2018.04.17-23.37.07:353][  0]LogOcInput: OculusInput pre-init called
[2018.04.17-23.37.07:465][  0]LogUObjectArray: 38661 objects as part of root set at end of initial load.
[2018.04.17-23.37.07:465][  0]LogUObjectAllocator: 8461320 out of 0 bytes used by permanent object pool.
[2018.04.17-23.37.07:465][  0]LogUObjectArray: CloseDisregardForGC: 0/0 objects in disregard for GC pool
[2018.04.17-23.37.07:590][  0]LogEngine: Initializing Engine...
[2018.04.17-23.37.07:592][  0]LogHMD: Failed to initialize OpenVR with code 110
[2018.04.17-23.37.07:758][  0]LogStats: UGameplayTagsManager::ConstructGameplayTagTree: Construct from data asset -  0.000 s
[2018.04.17-23.37.07:758][  0]LogStats: UGameplayTagsManager::ConstructGameplayTagTree: GameplayTagTreeChangedEvent.Broadcast -  0.000 s
[2018.04.17-23.37.07:768][  0]LogInit: XAudio2 using 'Digital Audio (S/PDIF) (2- High Definition Audio Device)' : 2 channels at 48 kHz using 16 bits per sample (channel mask 0x3)
[2018.04.17-23.37.07:781][  0]LogInit: FAudioDevice initialized.
[2018.04.17-23.37.07:806][  0]LogInit: Texture streaming: Enabled
[2018.04.17-23.37.07:827][  0]LogMaterial: Uniform references updated for custom material expression Custom.
[2018.04.17-23.37.08:036][  0]LogSlateStyle: Warning: Unable to find Slate Widget Style 'NormalText'. Using FTextBlockStyle defaults instead.
[2018.04.17-23.37.08:036][  0]LogSlateStyle: Warning: Unable to find Slate Widget Style 'SpinBox'. Using FSpinBoxStyle defaults instead.
[2018.04.17-23.37.08:208][  0]LogInit: Display: Game Engine Initialized.
[2018.04.17-23.37.08:208][  0]LogGameplayTags: Display: UGameplayTagsManager::DoneAddingNativeTags. DelegateIsBound: 0
[2018.04.17-23.37.08:328][  0]LogInit: Display: Starting Game.
[2018.04.17-23.37.08:328][  0]LogNet: Browse: /Temp/Autosaves/Game/UEDPCPlaytestPendulum?Name=Player
[2018.04.17-23.37.08:328][  0]LogLoad: LoadMap: /Temp/Autosaves/Game/UEDPCPlaytestPendulum?Name=Player
[2018.04.17-23.37.08:347][  0]LogMemory: Platform Memory Stats for Windows
[2018.04.17-23.37.08:347][  0]LogMemory: Process Physical Memory: 817.14 MB used, 952.68 MB peak
[2018.04.17-23.37.08:347][  0]LogMemory: Process Virtual Memory: 934.64 MB used, 1025.70 MB peak
[2018.04.17-23.37.08:347][  0]LogMemory: Physical Memory: 8523.85 MB used,  7732.04 MB free, 16255.89 MB total
[2018.04.17-23.37.08:347][  0]LogMemory: Virtual Memory: 1605.02 MB used,  7732.04 MB free, 134217728.00 MB total
[2018.04.17-23.37.08:347][  0]LogMemory: 
[2018.04.17-23.37.08:347][  0]Allocator Stats for TBB: (not implemented)
[2018.04.17-23.37.08:616][  0]LogAIModule: Creating AISystem for world PlaytestPendulum
[2018.04.17-23.37.08:616][  0]LogLoad: Game class is 'GameModeBase'
[2018.04.17-23.37.08:618][  0]LogWorld: Bringing World /Temp/Autosaves/Game/UEDPCPlaytestPendulum.PlaytestPendulum up for play (max tick rate 0) at 2018.04.18-00.37.08
[2018.04.17-23.37.08:620][  0]LogWorld: Bringing up level for play took: 0.002924
[2018.04.17-23.37.08:622][  0]LogLoad: Took 0.293915 seconds to LoadMap(/Temp/Autosaves/Game/UEDPCPlaytestPendulum)
[2018.04.17-23.37.08:783][  0]LogRenderer: Reallocating scene render targets to support 1280x720 Format 10 NumSamples 1 (Frame:1).
[2018.04.17-23.37.08:783][  0]LogLoad: (Engine Initialization) Total time: 8.70 seconds
[2018.04.17-23.37.08:783][  0]LogLoad: (Engine Initialization) Total Blueprint compile time: 0.00 seconds
[2018.04.17-23.37.08:783][  0]LogExternalProfiler: No external profilers were discovered.  External profiling features will not be available.
[2018.04.17-23.37.11:153][145]LogRenderer: Reallocating scene render targets to support 1920x1080 Format 10 NumSamples 1 (Frame:147).
[2018.04.17-23.37.26:815][113]LogBlueprintUserMessages: [PlaytestPendulum_C_0] 0.479076
[2018.04.17-23.37.28:492][217]LogBlueprintUserMessages: [PlaytestPendulum_C_0] Hit
[2018.04.17-23.37.37:316][764]LogBlueprintUserMessages: [PlaytestPendulum_C_0] 3.354558
[2018.04.17-23.37.37:864][798]LogBlueprintUserMessages: [PlaytestPendulum_C_0] Miss
[2018.04.17-23.37.42:671][ 96]LogBlueprintUserMessages: [PlaytestPendulum_C_0] Miss
[2018.04.17-23.37.44:399][203]LogBlueprintUserMessages: [PlaytestPendulum_C_0] Miss
